2020-08-22 13:03:57,148 - log - INFO - D:\SourceTreeFloder\PythonTools
2020-08-22 13:03:57,148 - log - INFO - D:\媒体库\输出目录\#JULIA,水卜さくら,七沢みあ等演员\[2019]声が出せない状況で無理ヤリ犯された女たち-サイレント痴漢レ×プ屈辱アクメ痙攣絶頂スペシャル[MIZD-156]\
2020-08-22 13:03:57,148 - log - INFO - 无码
2020-08-22 13:29:52,481 - log - INFO - E:\媒体库\输出目录\#FC2系列\[unknown]初撮り♥️完全顔出し♥️色白Ｄカップ美巨乳♥️韓流アイドル似エロカワ19歳のピンクな美マンに大量生中出し♥️羞恥と興奮で膣口&尻穴がパックリ[FC2-1015781]\
2020-08-22 13:29:52,483 - log - INFO - 无码
2020-08-22 13:30:34,940 - log - INFO - E:\媒体库\输出目录\#FC2系列\[unknown]成瀬〇美その②期間限定[HOT[FC2-785160]\
2020-08-22 13:30:34,941 - log - INFO - 无码
2020-08-22 13:31:25,037 - log - INFO - E:\媒体库\输出目录\#FC2系列\[unknown]成瀬〇美その③期間限定[HOT[FC2-785168]\
2020-08-22 13:31:25,038 - log - INFO - 无码
2020-08-22 17:14:13,627 - log - INFO - E:\媒体库\失败\历史\（未能识别的\网红王一霏VIP视频\
2020-08-22 17:14:13,658 - log - INFO - 无码
2020-08-26 21:45:21,817 - log - INFO - E:\媒体库\输出目录\#日高千晶\[2018]僕の彼女が日高千晶だったら[072018-712]\
2020-08-26 21:45:21,829 - log - INFO - 无码
2020-08-26 21:45:31,842 - log - INFO - E:\媒体库\输出目录\#日高千晶\[2018]僕の彼女が日高千晶だったら[072018-712]\
2020-08-26 21:45:31,842 - log - INFO - 无码
2020-08-26 21:45:31,843 - log - INFO - 字幕
2020-08-26 21:46:04,124 - log - INFO - E:\媒体库\输出目录\#波多野結衣\[2012]夫の目の前で妻が-〜元上司に縛られて〜[062212-055]\
2020-08-26 21:46:04,125 - log - INFO - 无码
2020-08-26 21:46:04,127 - log - INFO - 字幕
2020-09-03 00:43:07,951 - log - INFO - D:\媒体库\输出目录\#相田紗耶香\[2010]ホットクリーム-清純女子-相田紗耶香[HC-01]\
2020-09-03 00:43:07,996 - log - INFO - 无码
2020-09-03 00:43:59,913 - log - INFO - D:\媒体库\输出目录\#あずみ恋\[2014]あずみ恋のアナル講座-あずみ恋[HEY-037]\
2020-09-03 00:43:59,913 - log - INFO - 无码
2020-09-03 00:44:34,801 - log - INFO - D:\媒体库\输出目录\无法识别\日本\Heydouga (4017-208) Aina, Matuno [1080p]" 1 0
2020-09-03 00:50:33,234 - log - INFO - E:\媒体库\输出目录\#真木今日子,前田陽菜,京野ななか等演员\[2016]メルシーボークー-18-南国ビーチで青姦中出し乱交祭り！3Hrs-愛乃なみ,-みなみ愛梨,-総勢14名-(ブルーレイディスク版)[MCBD-18]\
2020-09-03 00:50:33,235 - log - INFO - 无码
2020-09-03 00:51:02,514 - log - INFO - D:\媒体库\输出目录\#みづなれい\[2018]3D-メルシーボークー47-同時挿入の二穴姦-コスプレ中出し-みづなれい-(3D+2D-ブルーレイディスク版-同時収録)[MCB3DBD-47]\
2020-09-03 00:51:02,514 - log - INFO - 无码
2020-09-03 00:51:25,492 - log - INFO - E:\媒体库\输出目录\#みづなれい\[2018]メルシーボークー-DV-50-引退-みづなれい[MCDV-50]\
2020-09-03 00:51:25,492 - log - INFO - 无码
2020-09-03 00:51:36,441 - log - INFO - E:\媒体库\输出目录\#みづなれい\[2013]KIRARI-DV-02-「僕と彼女のラブラブ性活」-みづなれい[MKDV-02]\
2020-09-03 00:51:36,442 - log - INFO - 无码
